<?xml version="1.0" encoding="UTF-8"?>
<robot generator="Robot 3.2.1 (Python 3.7.1 on linux)" generated="20200822 00:40:09.616" rpa="false">
<suite id="s1" name="Dashboard Header Nav" source="/media/senju/Data Kantor/python/idn_media/dashboard_header_nav/dashboard_header_nav.robot">
<test id="s1-t1" name="Case 11 click menu community">
<kw name="Open Browser" library="SeleniumLibrary">
<doc>Opens a new browser instance to the optional ``url``.</doc>
<arguments>
<arg>${url}</arg>
<arg>${browser}</arg>
</arguments>
<msg timestamp="20200822 00:40:09.730" level="INFO">Opening browser 'chrome' to base url 'https://community.idntimes.com/'.</msg>
<status status="PASS" starttime="20200822 00:40:09.730" endtime="20200822 00:40:21.639"></status>
</kw>
<kw name="Maximize Browser Window" library="SeleniumLibrary">
<doc>Maximizes current browser window.</doc>
<status status="PASS" starttime="20200822 00:40:21.640" endtime="20200822 00:40:21.759"></status>
</kw>
<kw name="Input Text" library="SeleniumLibrary">
<doc>Types the given ``text`` into the text field identified by ``locator``.</doc>
<arguments>
<arg>name:email</arg>
<arg>${email}</arg>
</arguments>
<msg timestamp="20200822 00:40:21.760" level="INFO">Typing text 'gallan.widyanto@gmail.com' into text field 'name:email'.</msg>
<status status="PASS" starttime="20200822 00:40:21.759" endtime="20200822 00:40:21.936"></status>
</kw>
<kw name="Input Text" library="SeleniumLibrary">
<doc>Types the given ``text`` into the text field identified by ``locator``.</doc>
<arguments>
<arg>name:password</arg>
<arg>${password}</arg>
</arguments>
<msg timestamp="20200822 00:40:21.937" level="INFO">Typing text '123456aB' into text field 'name:password'.</msg>
<status status="PASS" starttime="20200822 00:40:21.937" endtime="20200822 00:40:22.050"></status>
</kw>
<kw name="Capture Page Screenshot" library="SeleniumLibrary">
<doc>Takes a screenshot of the current page and embeds it into a log file.</doc>
<arguments>
<arg>/media/senju/Data Kantor/python/idn_media/screenshot/Login_Normal.png</arg>
</arguments>
<msg timestamp="20200822 00:40:22.341" level="INFO" html="yes">&lt;/td&gt;&lt;/tr&gt;&lt;tr&gt;&lt;td colspan="3"&gt;&lt;a href="../screenshot/Login_Normal.png"&gt;&lt;img src="../screenshot/Login_Normal.png" width="800px"&gt;&lt;/a&gt;</msg>
<status status="PASS" starttime="20200822 00:40:22.051" endtime="20200822 00:40:22.341"></status>
</kw>
<kw name="Click Button" library="SeleniumLibrary">
<doc>Clicks the button identified by ``locator``.</doc>
<arguments>
<arg>Sign In</arg>
</arguments>
<msg timestamp="20200822 00:40:22.341" level="INFO">Clicking button 'Sign In'.</msg>
<status status="PASS" starttime="20200822 00:40:22.341" endtime="20200822 00:40:34.928"></status>
</kw>
<kw name="Sleep" library="BuiltIn">
<doc>Pauses the test executed for the given time.</doc>
<arguments>
<arg>10s</arg>
</arguments>
<msg timestamp="20200822 00:40:44.930" level="INFO">Slept 10 seconds</msg>
<status status="PASS" starttime="20200822 00:40:34.929" endtime="20200822 00:40:44.931"></status>
</kw>
<kw name="Capture Page Screenshot" library="SeleniumLibrary">
<doc>Takes a screenshot of the current page and embeds it into a log file.</doc>
<arguments>
<arg>/media/senju/Data Kantor/python/idn_media/screenshot/LoginSuccess.png</arg>
</arguments>
<msg timestamp="20200822 00:40:45.087" level="INFO" html="yes">&lt;/td&gt;&lt;/tr&gt;&lt;tr&gt;&lt;td colspan="3"&gt;&lt;a href="../screenshot/LoginSuccess.png"&gt;&lt;img src="../screenshot/LoginSuccess.png" width="800px"&gt;&lt;/a&gt;</msg>
<status status="PASS" starttime="20200822 00:40:44.931" endtime="20200822 00:40:45.087"></status>
</kw>
<kw name="Sleep" library="BuiltIn">
<doc>Pauses the test executed for the given time.</doc>
<arguments>
<arg>10s</arg>
</arguments>
<msg timestamp="20200822 00:40:55.088" level="INFO">Slept 10 seconds</msg>
<status status="PASS" starttime="20200822 00:40:45.087" endtime="20200822 00:40:55.088"></status>
</kw>
<kw name="Click Link" library="SeleniumLibrary">
<doc>Clicks a link identified by ``locator``.</doc>
<arguments>
<arg>xpath=//a[@href="https://community.idntimes.com"]</arg>
</arguments>
<msg timestamp="20200822 00:40:55.090" level="INFO">Clicking link 'xpath=//a[@href="https://community.idntimes.com"]'.</msg>
<status status="PASS" starttime="20200822 00:40:55.089" endtime="20200822 00:41:17.397"></status>
</kw>
<kw name="Sleep" library="BuiltIn">
<doc>Pauses the test executed for the given time.</doc>
<arguments>
<arg>10s</arg>
</arguments>
<msg timestamp="20200822 00:41:27.398" level="INFO">Slept 10 seconds</msg>
<status status="PASS" starttime="20200822 00:41:17.397" endtime="20200822 00:41:27.399"></status>
</kw>
<kw name="Capture Page Screenshot" library="SeleniumLibrary">
<doc>Takes a screenshot of the current page and embeds it into a log file.</doc>
<arguments>
<arg>/media/senju/Data Kantor/python/idn_media/screenshot/Community.png</arg>
</arguments>
<msg timestamp="20200822 00:41:27.743" level="INFO" html="yes">&lt;/td&gt;&lt;/tr&gt;&lt;tr&gt;&lt;td colspan="3"&gt;&lt;a href="../screenshot/Community.png"&gt;&lt;img src="../screenshot/Community.png" width="800px"&gt;&lt;/a&gt;</msg>
<status status="PASS" starttime="20200822 00:41:27.400" endtime="20200822 00:41:27.743"></status>
</kw>
<kw name="Close Browser" library="SeleniumLibrary">
<doc>Closes the current browser.</doc>
<status status="PASS" starttime="20200822 00:41:27.744" endtime="20200822 00:41:27.818"></status>
</kw>
<status status="PASS" starttime="20200822 00:40:09.730" endtime="20200822 00:41:27.818" critical="yes"></status>
</test>
<status status="PASS" starttime="20200822 00:40:09.618" endtime="20200822 00:41:27.819"></status>
</suite>
<statistics>
<total>
<stat pass="1" fail="0">Critical Tests</stat>
<stat pass="1" fail="0">All Tests</stat>
</total>
<tag>
</tag>
<suite>
<stat pass="1" fail="0" id="s1" name="Dashboard Header Nav">Dashboard Header Nav</stat>
</suite>
</statistics>
<errors>
</errors>
</robot>
