<?xml version="1.0" encoding="UTF-8"?>
<robot generator="Robot 3.2.1 (Python 3.7.1 on linux)" generated="20200821 21:04:27.258" rpa="false">
<suite id="s1" name="Dashboard Sidebar Nav" source="/media/senju/Data Kantor/python/idn_media/dashboard_sidebar_nav/dashboard_sidebar_nav.robot">
<test id="s1-t1" name="Case 1 click menu view profile">
<kw name="Open Browser" library="SeleniumLibrary">
<doc>Opens a new browser instance to the optional ``url``.</doc>
<arguments>
<arg>${url}</arg>
<arg>${browser}</arg>
</arguments>
<msg timestamp="20200821 21:04:27.372" level="INFO">Opening browser 'chrome' to base url 'https://community.idntimes.com/'.</msg>
<status status="PASS" starttime="20200821 21:04:27.372" endtime="20200821 21:05:57.074"></status>
</kw>
<kw name="Maximize Browser Window" library="SeleniumLibrary">
<doc>Maximizes current browser window.</doc>
<status status="PASS" starttime="20200821 21:05:57.075" endtime="20200821 21:05:57.188"></status>
</kw>
<kw name="Input Text" library="SeleniumLibrary">
<doc>Types the given ``text`` into the text field identified by ``locator``.</doc>
<arguments>
<arg>name:email</arg>
<arg>${email}</arg>
</arguments>
<msg timestamp="20200821 21:05:57.189" level="INFO">Typing text 'gallan.widyanto@gmail.com' into text field 'name:email'.</msg>
<status status="PASS" starttime="20200821 21:05:57.189" endtime="20200821 21:05:57.371"></status>
</kw>
<kw name="Input Text" library="SeleniumLibrary">
<doc>Types the given ``text`` into the text field identified by ``locator``.</doc>
<arguments>
<arg>name:password</arg>
<arg>${password}</arg>
</arguments>
<msg timestamp="20200821 21:05:57.371" level="INFO">Typing text '123456aB' into text field 'name:password'.</msg>
<status status="PASS" starttime="20200821 21:05:57.371" endtime="20200821 21:05:57.487"></status>
</kw>
<kw name="Capture Page Screenshot" library="SeleniumLibrary">
<doc>Takes a screenshot of the current page and embeds it into a log file.</doc>
<arguments>
<arg>/media/senju/Data Kantor/python/idn_media/screenshot/Login_Normal.png</arg>
</arguments>
<msg timestamp="20200821 21:05:57.787" level="INFO" html="yes">&lt;/td&gt;&lt;/tr&gt;&lt;tr&gt;&lt;td colspan="3"&gt;&lt;a href="../screenshot/Login_Normal.png"&gt;&lt;img src="../screenshot/Login_Normal.png" width="800px"&gt;&lt;/a&gt;</msg>
<status status="PASS" starttime="20200821 21:05:57.487" endtime="20200821 21:05:57.787"></status>
</kw>
<kw name="Click Button" library="SeleniumLibrary">
<doc>Clicks the button identified by ``locator``.</doc>
<arguments>
<arg>Sign In</arg>
</arguments>
<msg timestamp="20200821 21:05:57.787" level="INFO">Clicking button 'Sign In'.</msg>
<status status="PASS" starttime="20200821 21:05:57.787" endtime="20200821 21:07:52.351"></status>
</kw>
<kw name="Sleep" library="BuiltIn">
<doc>Pauses the test executed for the given time.</doc>
<arguments>
<arg>10s</arg>
</arguments>
<msg timestamp="20200821 21:08:02.354" level="INFO">Slept 10 seconds</msg>
<status status="PASS" starttime="20200821 21:07:52.352" endtime="20200821 21:08:02.354"></status>
</kw>
<kw name="Capture Page Screenshot" library="SeleniumLibrary">
<doc>Takes a screenshot of the current page and embeds it into a log file.</doc>
<arguments>
<arg>/media/senju/Data Kantor/python/idn_media/screenshot/LoginSuccess.png</arg>
</arguments>
<msg timestamp="20200821 21:08:02.534" level="INFO" html="yes">&lt;/td&gt;&lt;/tr&gt;&lt;tr&gt;&lt;td colspan="3"&gt;&lt;a href="../screenshot/LoginSuccess.png"&gt;&lt;img src="../screenshot/LoginSuccess.png" width="800px"&gt;&lt;/a&gt;</msg>
<status status="PASS" starttime="20200821 21:08:02.355" endtime="20200821 21:08:02.534"></status>
</kw>
<kw name="Sleep" library="BuiltIn">
<doc>Pauses the test executed for the given time.</doc>
<arguments>
<arg>10s</arg>
</arguments>
<msg timestamp="20200821 21:08:12.534" level="INFO">Slept 10 seconds</msg>
<status status="PASS" starttime="20200821 21:08:02.534" endtime="20200821 21:08:12.535"></status>
</kw>
<kw name="Click Element" library="SeleniumLibrary">
<doc>Click the element identified by ``locator``.</doc>
<arguments>
<arg>xpath=//a[@class="btn btn-default btn-xs btn-profile"][@href="https://www.idntimes.com/gallan-widyanto"]</arg>
</arguments>
<msg timestamp="20200821 21:08:12.537" level="INFO">Clicking element 'xpath=//a[@class="btn btn-default btn-xs btn-profile"][@href="https://www.idntimes.com/gallan-widyanto"]'.</msg>
<kw name="Capture Page Screenshot" library="SeleniumLibrary">
<doc>Takes a screenshot of the current page and embeds it into a log file.</doc>
<msg timestamp="20200821 21:13:13.122" level="INFO" html="yes">&lt;/td&gt;&lt;/tr&gt;&lt;tr&gt;&lt;td colspan="3"&gt;&lt;a href="selenium-screenshot-1.png"&gt;&lt;img src="selenium-screenshot-1.png" width="800px"&gt;&lt;/a&gt;</msg>
<status status="PASS" starttime="20200821 21:13:12.760" endtime="20200821 21:13:13.123"></status>
</kw>
<msg timestamp="20200821 21:13:13.193" level="FAIL">TimeoutException: Message: timeout
  (Session info: chrome=84.0.4147.135)
  (Driver info: chromedriver=2.43.600233 (523efee95e3d68b8719b3a1c83051aa63aa6b10d),platform=Linux 4.15.0-112-generic x86_64)
</msg>
<status status="FAIL" starttime="20200821 21:08:12.536" endtime="20200821 21:13:13.193"></status>
</kw>
<status status="FAIL" starttime="20200821 21:04:27.371" endtime="20200821 21:13:13.194" critical="yes">TimeoutException: Message: timeout
  (Session info: chrome=84.0.4147.135)
  (Driver info: chromedriver=2.43.600233 (523efee95e3d68b8719b3a1c83051aa63aa6b10d),platform=Linux 4.15.0-112-generic x86_64)
</status>
</test>
<status status="FAIL" starttime="20200821 21:04:27.259" endtime="20200821 21:13:13.198"></status>
</suite>
<statistics>
<total>
<stat pass="0" fail="1">Critical Tests</stat>
<stat pass="0" fail="1">All Tests</stat>
</total>
<tag>
</tag>
<suite>
<stat pass="0" fail="1" id="s1" name="Dashboard Sidebar Nav">Dashboard Sidebar Nav</stat>
</suite>
</statistics>
<errors>
</errors>
</robot>
