<?xml version="1.0" encoding="UTF-8"?>
<robot generator="Robot 3.2.1 (Python 3.7.1 on linux)" generated="20200822 00:59:22.115" rpa="false">
<suite id="s1" name="Dashboard Footer Nav" source="/media/senju/Data Kantor/python/idn_media/dashboard_footer_nav/dashboard_footer_nav.robot">
<test id="s1-t1" name="Case 5 click menu contact us">
<kw name="Open Browser" library="SeleniumLibrary">
<doc>Opens a new browser instance to the optional ``url``.</doc>
<arguments>
<arg>${url}</arg>
<arg>${browser}</arg>
</arguments>
<msg timestamp="20200822 00:59:22.228" level="INFO">Opening browser 'chrome' to base url 'https://community.idntimes.com/'.</msg>
<status status="PASS" starttime="20200822 00:59:22.228" endtime="20200822 00:59:38.358"></status>
</kw>
<kw name="Maximize Browser Window" library="SeleniumLibrary">
<doc>Maximizes current browser window.</doc>
<status status="PASS" starttime="20200822 00:59:38.360" endtime="20200822 00:59:38.476"></status>
</kw>
<kw name="Input Text" library="SeleniumLibrary">
<doc>Types the given ``text`` into the text field identified by ``locator``.</doc>
<arguments>
<arg>name:email</arg>
<arg>${email}</arg>
</arguments>
<msg timestamp="20200822 00:59:38.477" level="INFO">Typing text 'gallan.widyanto@gmail.com' into text field 'name:email'.</msg>
<status status="PASS" starttime="20200822 00:59:38.476" endtime="20200822 00:59:38.664"></status>
</kw>
<kw name="Input Text" library="SeleniumLibrary">
<doc>Types the given ``text`` into the text field identified by ``locator``.</doc>
<arguments>
<arg>name:password</arg>
<arg>${password}</arg>
</arguments>
<msg timestamp="20200822 00:59:38.664" level="INFO">Typing text '123456aB' into text field 'name:password'.</msg>
<status status="PASS" starttime="20200822 00:59:38.664" endtime="20200822 00:59:38.777"></status>
</kw>
<kw name="Capture Page Screenshot" library="SeleniumLibrary">
<doc>Takes a screenshot of the current page and embeds it into a log file.</doc>
<arguments>
<arg>/media/senju/Data Kantor/python/idn_media/screenshot/Login_Normal.png</arg>
</arguments>
<msg timestamp="20200822 00:59:39.077" level="INFO" html="yes">&lt;/td&gt;&lt;/tr&gt;&lt;tr&gt;&lt;td colspan="3"&gt;&lt;a href="../screenshot/Login_Normal.png"&gt;&lt;img src="../screenshot/Login_Normal.png" width="800px"&gt;&lt;/a&gt;</msg>
<status status="PASS" starttime="20200822 00:59:38.778" endtime="20200822 00:59:39.077"></status>
</kw>
<kw name="Click Button" library="SeleniumLibrary">
<doc>Clicks the button identified by ``locator``.</doc>
<arguments>
<arg>Sign In</arg>
</arguments>
<msg timestamp="20200822 00:59:39.077" level="INFO">Clicking button 'Sign In'.</msg>
<status status="PASS" starttime="20200822 00:59:39.077" endtime="20200822 00:59:49.752"></status>
</kw>
<kw name="Sleep" library="BuiltIn">
<doc>Pauses the test executed for the given time.</doc>
<arguments>
<arg>10s</arg>
</arguments>
<msg timestamp="20200822 00:59:59.755" level="INFO">Slept 10 seconds</msg>
<status status="PASS" starttime="20200822 00:59:49.753" endtime="20200822 00:59:59.755"></status>
</kw>
<kw name="Capture Page Screenshot" library="SeleniumLibrary">
<doc>Takes a screenshot of the current page and embeds it into a log file.</doc>
<arguments>
<arg>/media/senju/Data Kantor/python/idn_media/screenshot/LoginSuccess.png</arg>
</arguments>
<msg timestamp="20200822 00:59:59.897" level="INFO" html="yes">&lt;/td&gt;&lt;/tr&gt;&lt;tr&gt;&lt;td colspan="3"&gt;&lt;a href="../screenshot/LoginSuccess.png"&gt;&lt;img src="../screenshot/LoginSuccess.png" width="800px"&gt;&lt;/a&gt;</msg>
<status status="PASS" starttime="20200822 00:59:59.756" endtime="20200822 00:59:59.897"></status>
</kw>
<kw name="Sleep" library="BuiltIn">
<doc>Pauses the test executed for the given time.</doc>
<arguments>
<arg>10s</arg>
</arguments>
<msg timestamp="20200822 01:00:09.898" level="INFO">Slept 10 seconds</msg>
<status status="PASS" starttime="20200822 00:59:59.897" endtime="20200822 01:00:09.898"></status>
</kw>
<kw name="Click Link" library="SeleniumLibrary">
<doc>Clicks a link identified by ``locator``.</doc>
<arguments>
<arg>xpath=//a[@href="https://www.idntimes.com/hubungi-kami"]</arg>
</arguments>
<msg timestamp="20200822 01:00:09.900" level="INFO">Clicking link 'xpath=//a[@href="https://www.idntimes.com/hubungi-kami"]'.</msg>
<status status="PASS" starttime="20200822 01:00:09.899" endtime="20200822 01:00:13.912"></status>
</kw>
<kw name="Sleep" library="BuiltIn">
<doc>Pauses the test executed for the given time.</doc>
<arguments>
<arg>10s</arg>
</arguments>
<msg timestamp="20200822 01:00:23.913" level="INFO">Slept 10 seconds</msg>
<status status="PASS" starttime="20200822 01:00:13.912" endtime="20200822 01:00:23.913"></status>
</kw>
<kw name="Capture Page Screenshot" library="SeleniumLibrary">
<doc>Takes a screenshot of the current page and embeds it into a log file.</doc>
<arguments>
<arg>/media/senju/Data Kantor/python/idn_media/screenshot/ContactUs.png</arg>
</arguments>
<msg timestamp="20200822 01:00:24.297" level="INFO" html="yes">&lt;/td&gt;&lt;/tr&gt;&lt;tr&gt;&lt;td colspan="3"&gt;&lt;a href="../screenshot/ContactUs.png"&gt;&lt;img src="../screenshot/ContactUs.png" width="800px"&gt;&lt;/a&gt;</msg>
<status status="PASS" starttime="20200822 01:00:23.914" endtime="20200822 01:00:24.298"></status>
</kw>
<kw name="Close Browser" library="SeleniumLibrary">
<doc>Closes the current browser.</doc>
<status status="PASS" starttime="20200822 01:00:24.298" endtime="20200822 01:00:24.366"></status>
</kw>
<status status="PASS" starttime="20200822 00:59:22.228" endtime="20200822 01:00:24.367" critical="yes"></status>
</test>
<status status="PASS" starttime="20200822 00:59:22.116" endtime="20200822 01:00:24.368"></status>
</suite>
<statistics>
<total>
<stat pass="1" fail="0">Critical Tests</stat>
<stat pass="1" fail="0">All Tests</stat>
</total>
<tag>
</tag>
<suite>
<stat pass="1" fail="0" id="s1" name="Dashboard Footer Nav">Dashboard Footer Nav</stat>
</suite>
</statistics>
<errors>
</errors>
</robot>
