<?xml version="1.0" encoding="UTF-8"?>
<robot generator="Robot 3.2.2 (Python 3.9.0 on win32)" generated="20201022 12:59:36.683" rpa="false">
<suite id="s1" name="Signup" source="C:\Users\iaris\Documents\idn_media\signup\signup.robot">
<test id="s1-t1" name="Case 1 signup fail with all field empty">
<kw name="Open Browser" library="SeleniumLibrary">
<doc>Opens a new browser instance to the optional ``url``.</doc>
<arguments>
<arg>${url}</arg>
<arg>${browser}</arg>
</arguments>
<msg timestamp="20201022 12:59:37.081" level="INFO">Opening browser 'chrome' to base url 'https://community.idntimes.com/'.</msg>
<status status="PASS" starttime="20201022 12:59:37.080" endtime="20201022 12:59:47.197"></status>
</kw>
<kw name="Maximize Browser Window" library="SeleniumLibrary">
<doc>Maximizes current browser window.</doc>
<status status="PASS" starttime="20201022 12:59:47.198" endtime="20201022 12:59:49.326"></status>
</kw>
<kw name="Sleep" library="BuiltIn">
<doc>Pauses the test executed for the given time.</doc>
<arguments>
<arg>10s</arg>
</arguments>
<msg timestamp="20201022 12:59:59.329" level="INFO">Slept 10 seconds</msg>
<status status="PASS" starttime="20201022 12:59:49.327" endtime="20201022 12:59:59.329"></status>
</kw>
<kw name="Click Element" library="SeleniumLibrary">
<doc>Click the element identified by ``locator``.</doc>
<arguments>
<arg>xpath=//a[@href="#signup"]</arg>
</arguments>
<msg timestamp="20201022 12:59:59.329" level="INFO">Clicking element 'xpath=//a[@href="#signup"]'.</msg>
<status status="PASS" starttime="20201022 12:59:59.329" endtime="20201022 12:59:59.438"></status>
</kw>
<kw name="Sleep" library="BuiltIn">
<doc>Pauses the test executed for the given time.</doc>
<arguments>
<arg>10s</arg>
</arguments>
<msg timestamp="20201022 13:00:09.440" level="INFO">Slept 10 seconds</msg>
<status status="PASS" starttime="20201022 12:59:59.439" endtime="20201022 13:00:09.440"></status>
</kw>
<kw name="Click Button" library="SeleniumLibrary">
<doc>Clicks the button identified by ``locator``.</doc>
<arguments>
<arg>Sign Up</arg>
</arguments>
<msg timestamp="20201022 13:00:09.442" level="INFO">Clicking button 'Sign Up'.</msg>
<status status="PASS" starttime="20201022 13:00:09.441" endtime="20201022 13:00:09.602"></status>
</kw>
<kw name="Sleep" library="BuiltIn">
<doc>Pauses the test executed for the given time.</doc>
<arguments>
<arg>10s</arg>
</arguments>
<msg timestamp="20201022 13:00:19.605" level="INFO">Slept 10 seconds</msg>
<status status="PASS" starttime="20201022 13:00:09.604" endtime="20201022 13:00:19.605"></status>
</kw>
<kw name="Capture Page Screenshot" library="SeleniumLibrary">
<doc>Takes a screenshot of the current page and embeds it into a log file.</doc>
<arguments>
<arg>/Users/iaris/Documents/idn_media/screenshot/SignupError1.png</arg>
</arguments>
<msg timestamp="20201022 13:00:20.495" level="INFO" html="yes">&lt;/td&gt;&lt;/tr&gt;&lt;tr&gt;&lt;td colspan="3"&gt;&lt;a href="../screenshot/SignupError1.png"&gt;&lt;img src="../screenshot/SignupError1.png" width="800px"&gt;&lt;/a&gt;</msg>
<status status="PASS" starttime="20201022 13:00:19.606" endtime="20201022 13:00:20.496"></status>
</kw>
<kw name="Close Browser" library="SeleniumLibrary">
<doc>Closes the current browser.</doc>
<status status="PASS" starttime="20201022 13:00:20.497" endtime="20201022 13:00:23.061"></status>
</kw>
<status status="PASS" starttime="20201022 12:59:37.079" endtime="20201022 13:00:23.063" critical="yes"></status>
</test>
<status status="PASS" starttime="20201022 12:59:36.683" endtime="20201022 13:00:23.070"></status>
</suite>
<statistics>
<total>
<stat pass="1" fail="0">Critical Tests</stat>
<stat pass="1" fail="0">All Tests</stat>
</total>
<tag>
</tag>
<suite>
<stat pass="1" fail="0" id="s1" name="Signup">Signup</stat>
</suite>
</statistics>
<errors>
</errors>
</robot>
