<?xml version="1.0" encoding="UTF-8"?>
<robot generator="Robot 3.2.2 (Python 3.9.0 on win32)" generated="20201112 15:48:44.598" rpa="false">
<suite id="s1" name="Create" source="C:\Users\iaris\Documents\idn_media\idntimes\create.robot">
<test id="s1-t1" name="Case 9 Pindah-pindah section create artikel">
<kw name="Open Browser" library="SeleniumLibrary">
<doc>Opens a new browser instance to the optional ``url``.</doc>
<arguments>
<arg>${url}</arg>
<arg>${browser}</arg>
</arguments>
<msg timestamp="20201112 15:48:45.161" level="INFO">Opening browser 'chrome' to base url 'https://community.idntimes.com/'.</msg>
<status status="PASS" starttime="20201112 15:48:45.159" endtime="20201112 15:48:52.435"></status>
</kw>
<kw name="Maximize Browser Window" library="SeleniumLibrary">
<doc>Maximizes current browser window.</doc>
<status status="PASS" starttime="20201112 15:48:52.436" endtime="20201112 15:48:54.637"></status>
</kw>
<kw name="Input Text" library="SeleniumLibrary">
<doc>Types the given ``text`` into the text field identified by ``locator``.</doc>
<arguments>
<arg>name:email</arg>
<arg>${email}</arg>
</arguments>
<msg timestamp="20201112 15:48:54.639" level="INFO">Typing text 'alam.baka.99@yahoo.com' into text field 'name:email'.</msg>
<status status="PASS" starttime="20201112 15:48:54.638" endtime="20201112 15:48:54.934"></status>
</kw>
<kw name="Input Text" library="SeleniumLibrary">
<doc>Types the given ``text`` into the text field identified by ``locator``.</doc>
<arguments>
<arg>name:password</arg>
<arg>${password}</arg>
</arguments>
<msg timestamp="20201112 15:48:54.936" level="INFO">Typing text 'okeokeoke' into text field 'name:password'.</msg>
<status status="PASS" starttime="20201112 15:48:54.935" endtime="20201112 15:48:55.164"></status>
</kw>
<kw name="Click Button" library="SeleniumLibrary">
<doc>Clicks the button identified by ``locator``.</doc>
<arguments>
<arg>Sign In</arg>
</arguments>
<msg timestamp="20201112 15:48:55.167" level="INFO">Clicking button 'Sign In'.</msg>
<status status="PASS" starttime="20201112 15:48:55.167" endtime="20201112 15:49:01.324"></status>
</kw>
<kw name="Sleep" library="BuiltIn">
<doc>Pauses the test executed for the given time.</doc>
<arguments>
<arg>15s</arg>
</arguments>
<msg timestamp="20201112 15:49:16.368" level="INFO">Slept 15 seconds</msg>
<status status="PASS" starttime="20201112 15:49:01.365" endtime="20201112 15:49:16.368"></status>
</kw>
<kw name="Click Element" library="SeleniumLibrary">
<doc>Click the element identified by ``locator``.</doc>
<arguments>
<arg>xpath=//i[@class="idn-mini-icon idn-write"]</arg>
</arguments>
<msg timestamp="20201112 15:49:16.370" level="INFO">Clicking element 'xpath=//i[@class="idn-mini-icon idn-write"]'.</msg>
<status status="PASS" starttime="20201112 15:49:16.369" endtime="20201112 15:49:21.731"></status>
</kw>
<kw name="Sleep" library="BuiltIn">
<doc>Pauses the test executed for the given time.</doc>
<arguments>
<arg>10s</arg>
</arguments>
<msg timestamp="20201112 15:49:31.734" level="INFO">Slept 10 seconds</msg>
<status status="PASS" starttime="20201112 15:49:21.732" endtime="20201112 15:49:31.734"></status>
</kw>
<kw name="Click Element" library="SeleniumLibrary">
<doc>Click the element identified by ``locator``.</doc>
<arguments>
<arg>xpath=//label[@class="app__tab-label___369hK"]</arg>
</arguments>
<msg timestamp="20201112 15:49:31.736" level="INFO">Clicking element 'xpath=//label[@class="app__tab-label___369hK"]'.</msg>
<status status="PASS" starttime="20201112 15:49:31.736" endtime="20201112 15:49:31.893"></status>
</kw>
<kw name="Sleep" library="BuiltIn">
<doc>Pauses the test executed for the given time.</doc>
<arguments>
<arg>5s</arg>
</arguments>
<msg timestamp="20201112 15:49:36.895" level="INFO">Slept 5 seconds</msg>
<status status="PASS" starttime="20201112 15:49:31.895" endtime="20201112 15:49:36.895"></status>
</kw>
<kw name="Click Element" library="SeleniumLibrary">
<doc>Click the element identified by ``locator``.</doc>
<arguments>
<arg>xpath=//*[@id="idn-editor"]/div/div/div[2]/div[3]/div[1]/div/ul/li[1]/p</arg>
</arguments>
<msg timestamp="20201112 15:49:36.897" level="INFO">Clicking element 'xpath=//*[@id="idn-editor"]/div/div/div[2]/div[3]/div[1]/div/ul/li[1]/p'.</msg>
<status status="PASS" starttime="20201112 15:49:36.896" endtime="20201112 15:49:37.016"></status>
</kw>
<kw name="Sleep" library="BuiltIn">
<doc>Pauses the test executed for the given time.</doc>
<arguments>
<arg>5s</arg>
</arguments>
<msg timestamp="20201112 15:49:42.019" level="INFO">Slept 5 seconds</msg>
<status status="PASS" starttime="20201112 15:49:37.017" endtime="20201112 15:49:42.019"></status>
</kw>
<kw name="Capture Page Screenshot" library="SeleniumLibrary">
<doc>Takes a screenshot of the current page and embeds it into a log file.</doc>
<arguments>
<arg>/Users/iaris/Documents/idn_media/screenshot/PilihTopic.png</arg>
</arguments>
<msg timestamp="20201112 15:49:42.347" level="INFO" html="yes">&lt;/td&gt;&lt;/tr&gt;&lt;tr&gt;&lt;td colspan="3"&gt;&lt;a href="../screenshot/PilihTopic.png"&gt;&lt;img src="../screenshot/PilihTopic.png" width="800px"&gt;&lt;/a&gt;</msg>
<status status="PASS" starttime="20201112 15:49:42.020" endtime="20201112 15:49:42.347"></status>
</kw>
<kw name="Input Text" library="SeleniumLibrary">
<doc>Types the given ``text`` into the text field identified by ``locator``.</doc>
<arguments>
<arg>xpath=//*[@id="idn-editor"]/div/div/div[2]/div[3]/div[2]/div/div/div/div/h1</arg>
<arg>robot</arg>
</arguments>
<msg timestamp="20201112 15:49:42.348" level="INFO">Typing text 'robot' into text field 'xpath=//*[@id="idn-editor"]/div/div/div[2]/div[3]/div[2]/div/div/div/div/h1'.</msg>
<status status="PASS" starttime="20201112 15:49:42.348" endtime="20201112 15:49:42.635"></status>
</kw>
<kw name="Capture Page Screenshot" library="SeleniumLibrary">
<doc>Takes a screenshot of the current page and embeds it into a log file.</doc>
<arguments>
<arg>/Users/iaris/Documents/idn_media/screenshot/IsiJudul.png</arg>
</arguments>
<msg timestamp="20201112 15:49:42.978" level="INFO" html="yes">&lt;/td&gt;&lt;/tr&gt;&lt;tr&gt;&lt;td colspan="3"&gt;&lt;a href="../screenshot/IsiJudul.png"&gt;&lt;img src="../screenshot/IsiJudul.png" width="800px"&gt;&lt;/a&gt;</msg>
<status status="PASS" starttime="20201112 15:49:42.636" endtime="20201112 15:49:42.978"></status>
</kw>
<kw name="Sleep" library="BuiltIn">
<doc>Pauses the test executed for the given time.</doc>
<arguments>
<arg>5s</arg>
</arguments>
<msg timestamp="20201112 15:49:47.981" level="INFO">Slept 5 seconds</msg>
<status status="PASS" starttime="20201112 15:49:42.979" endtime="20201112 15:49:47.981"></status>
</kw>
<kw name="Input Text" library="SeleniumLibrary">
<doc>Types the given ``text`` into the text field identified by ``locator``.</doc>
<arguments>
<arg>xpath=//*[@id="idn-editor"]/div/div/div[2]/div[3]/div[3]/div/div/div/div/p</arg>
<arg>framework</arg>
</arguments>
<msg timestamp="20201112 15:49:47.982" level="INFO">Typing text 'framework' into text field 'xpath=//*[@id="idn-editor"]/div/div/div[2]/div[3]/div[3]/div/div/div/div/p'.</msg>
<status status="PASS" starttime="20201112 15:49:47.982" endtime="20201112 15:49:48.240"></status>
</kw>
<kw name="Capture Page Screenshot" library="SeleniumLibrary">
<doc>Takes a screenshot of the current page and embeds it into a log file.</doc>
<arguments>
<arg>/Users/iaris/Documents/idn_media/screenshot/IsiCuplikan.png</arg>
</arguments>
<msg timestamp="20201112 15:49:48.569" level="INFO" html="yes">&lt;/td&gt;&lt;/tr&gt;&lt;tr&gt;&lt;td colspan="3"&gt;&lt;a href="../screenshot/IsiCuplikan.png"&gt;&lt;img src="../screenshot/IsiCuplikan.png" width="800px"&gt;&lt;/a&gt;</msg>
<status status="PASS" starttime="20201112 15:49:48.241" endtime="20201112 15:49:48.569"></status>
</kw>
<kw name="Sleep" library="BuiltIn">
<doc>Pauses the test executed for the given time.</doc>
<arguments>
<arg>5s</arg>
</arguments>
<msg timestamp="20201112 15:49:53.572" level="INFO">Slept 5 seconds</msg>
<status status="PASS" starttime="20201112 15:49:48.571" endtime="20201112 15:49:53.572"></status>
</kw>
<kw name="Click Button" library="SeleniumLibrary">
<doc>Clicks the button identified by ``locator``.</doc>
<arguments>
<arg>Sisipkan Gambar</arg>
</arguments>
<msg timestamp="20201112 15:49:53.574" level="INFO">Clicking button 'Sisipkan Gambar'.</msg>
<status status="PASS" starttime="20201112 15:49:53.573" endtime="20201112 15:49:53.818"></status>
</kw>
<kw name="Capture Page Screenshot" library="SeleniumLibrary">
<doc>Takes a screenshot of the current page and embeds it into a log file.</doc>
<arguments>
<arg>/Users/iaris/Documents/idn_media/screenshot/PopupSisipkanGambar.png</arg>
</arguments>
<msg timestamp="20201112 15:49:54.285" level="INFO" html="yes">&lt;/td&gt;&lt;/tr&gt;&lt;tr&gt;&lt;td colspan="3"&gt;&lt;a href="../screenshot/PopupSisipkanGambar.png"&gt;&lt;img src="../screenshot/PopupSisipkanGambar.png" width="800px"&gt;&lt;/a&gt;</msg>
<status status="PASS" starttime="20201112 15:49:53.832" endtime="20201112 15:49:54.285"></status>
</kw>
<kw name="Sleep" library="BuiltIn">
<doc>Pauses the test executed for the given time.</doc>
<arguments>
<arg>10s</arg>
</arguments>
<msg timestamp="20201112 15:50:04.287" level="INFO">Slept 10 seconds</msg>
<status status="PASS" starttime="20201112 15:49:54.286" endtime="20201112 15:50:04.287"></status>
</kw>
<kw name="Click Element" library="SeleniumLibrary">
<doc>Click the element identified by ``locator``.</doc>
<arguments>
<arg>xpath=//*[@id="delete-image"]/div[1]/div/img</arg>
</arguments>
<msg timestamp="20201112 15:50:04.289" level="INFO">Clicking element 'xpath=//*[@id="delete-image"]/div[1]/div/img'.</msg>
<status status="PASS" starttime="20201112 15:50:04.288" endtime="20201112 15:50:04.513"></status>
</kw>
<kw name="Capture Page Screenshot" library="SeleniumLibrary">
<doc>Takes a screenshot of the current page and embeds it into a log file.</doc>
<arguments>
<arg>/Users/iaris/Documents/idn_media/screenshot/BerhasilSisipkanGambar.png</arg>
</arguments>
<msg timestamp="20201112 15:50:04.930" level="INFO" html="yes">&lt;/td&gt;&lt;/tr&gt;&lt;tr&gt;&lt;td colspan="3"&gt;&lt;a href="../screenshot/BerhasilSisipkanGambar.png"&gt;&lt;img src="../screenshot/BerhasilSisipkanGambar.png" width="800px"&gt;&lt;/a&gt;</msg>
<status status="PASS" starttime="20201112 15:50:04.517" endtime="20201112 15:50:04.930"></status>
</kw>
<kw name="Sleep" library="BuiltIn">
<doc>Pauses the test executed for the given time.</doc>
<arguments>
<arg>5s</arg>
</arguments>
<msg timestamp="20201112 15:50:09.933" level="INFO">Slept 5 seconds</msg>
<status status="PASS" starttime="20201112 15:50:04.931" endtime="20201112 15:50:09.933"></status>
</kw>
<kw name="Select Frame" library="SeleniumLibrary">
<doc>Sets frame identified by ``locator`` as the current frame.</doc>
<arguments>
<arg>xpath=//div[@class='mce-edit-area mce-container mce-panel mce-stack-layout-item']/iframe</arg>
</arguments>
<msg timestamp="20201112 15:50:09.935" level="INFO">Selecting frame 'xpath=//div[@class='mce-edit-area mce-container mce-panel mce-stack-layout-item']/iframe'.</msg>
<status status="PASS" starttime="20201112 15:50:09.934" endtime="20201112 15:50:09.997"></status>
</kw>
<kw name="Input Text" library="SeleniumLibrary">
<doc>Types the given ``text`` into the text field identified by ``locator``.</doc>
<arguments>
<arg>xpath=//*[@id="tinymce"]/p</arg>
<arg>coba dengan senyuman</arg>
</arguments>
<msg timestamp="20201112 15:50:09.998" level="INFO">Typing text 'coba dengan senyuman' into text field 'xpath=//*[@id="tinymce"]/p'.</msg>
<status status="PASS" starttime="20201112 15:50:09.998" endtime="20201112 15:50:10.397"></status>
</kw>
<kw name="Unselect Frame" library="SeleniumLibrary">
<doc>Sets the main frame as the current frame.</doc>
<status status="PASS" starttime="20201112 15:50:10.399" endtime="20201112 15:50:10.414"></status>
</kw>
<kw name="Capture Page Screenshot" library="SeleniumLibrary">
<doc>Takes a screenshot of the current page and embeds it into a log file.</doc>
<arguments>
<arg>/Users/iaris/Documents/idn_media/screenshot/IsiDiskripsi.png</arg>
</arguments>
<msg timestamp="20201112 15:50:10.943" level="INFO" html="yes">&lt;/td&gt;&lt;/tr&gt;&lt;tr&gt;&lt;td colspan="3"&gt;&lt;a href="../screenshot/IsiDiskripsi.png"&gt;&lt;img src="../screenshot/IsiDiskripsi.png" width="800px"&gt;&lt;/a&gt;</msg>
<status status="PASS" starttime="20201112 15:50:10.414" endtime="20201112 15:50:10.943"></status>
</kw>
<kw name="Sleep" library="BuiltIn">
<doc>Pauses the test executed for the given time.</doc>
<arguments>
<arg>5s</arg>
</arguments>
<msg timestamp="20201112 15:50:15.946" level="INFO">Slept 5 seconds</msg>
<status status="PASS" starttime="20201112 15:50:10.944" endtime="20201112 15:50:15.946"></status>
</kw>
<kw name="Input Text" library="SeleniumLibrary">
<doc>Types the given ``text`` into the text field identified by ``locator``.</doc>
<arguments>
<arg>xpath=//*[@id="idn-editor"]/div/div/div[2]/div[3]/div[6]/div/div/div/h2</arg>
<arg>sub judul section 1 robot</arg>
</arguments>
<msg timestamp="20201112 15:50:15.948" level="INFO">Typing text 'sub judul section 1 robot' into text field 'xpath=//*[@id="idn-editor"]/div/div/div[2]/div[3]/div[6]/div/div/div/h2'.</msg>
<status status="PASS" starttime="20201112 15:50:15.947" endtime="20201112 15:50:16.358"></status>
</kw>
<kw name="Capture Page Screenshot" library="SeleniumLibrary">
<doc>Takes a screenshot of the current page and embeds it into a log file.</doc>
<arguments>
<arg>/Users/iaris/Documents/idn_media/screenshot/IsiSubjudul1.png</arg>
</arguments>
<msg timestamp="20201112 15:50:16.712" level="INFO" html="yes">&lt;/td&gt;&lt;/tr&gt;&lt;tr&gt;&lt;td colspan="3"&gt;&lt;a href="../screenshot/IsiSubjudul1.png"&gt;&lt;img src="../screenshot/IsiSubjudul1.png" width="800px"&gt;&lt;/a&gt;</msg>
<status status="PASS" starttime="20201112 15:50:16.358" endtime="20201112 15:50:16.713"></status>
</kw>
<kw name="Sleep" library="BuiltIn">
<doc>Pauses the test executed for the given time.</doc>
<arguments>
<arg>5s</arg>
</arguments>
<msg timestamp="20201112 15:50:21.715" level="INFO">Slept 5 seconds</msg>
<status status="PASS" starttime="20201112 15:50:16.714" endtime="20201112 15:50:21.715"></status>
</kw>
<kw name="Mouse Over" library="SeleniumLibrary">
<doc>Simulates hovering the mouse over the element ``locator``.</doc>
<arguments>
<arg>xpath=//*[@id="idn-editor"]/div/div/div[2]/div[3]/div[7]/div/div/div/div[2]</arg>
</arguments>
<msg timestamp="20201112 15:50:21.717" level="INFO">Simulating Mouse Over on element 'xpath=//*[@id="idn-editor"]/div/div/div[2]/div[3]/div[7]/div/div/div/div[2]'.</msg>
<status status="PASS" starttime="20201112 15:50:21.716" endtime="20201112 15:50:28.720"></status>
</kw>
<kw name="Click Element" library="SeleniumLibrary">
<doc>Click the element identified by ``locator``.</doc>
<arguments>
<arg>xpath=//i[@class="fab fa-facebook-f"]</arg>
</arguments>
<msg timestamp="20201112 15:50:28.722" level="INFO">Clicking element 'xpath=//i[@class="fab fa-facebook-f"]'.</msg>
<status status="PASS" starttime="20201112 15:50:28.721" endtime="20201112 15:50:28.880"></status>
</kw>
<kw name="Input Text" library="SeleniumLibrary">
<doc>Types the given ``text`` into the text field identified by ``locator``.</doc>
<arguments>
<arg>xpath=//*[@id="idn-editor"]/div/div/div[2]/div[3]/div[7]/div/div/input</arg>
<arg>https://www.facebook.com/KementerianKesehatanRI/photos/a.1021894937840606/3953434788019925/</arg>
</arguments>
<msg timestamp="20201112 15:50:28.882" level="INFO">Typing text 'https://www.facebook.com/KementerianKesehatanRI/photos/a.1021894937840606/3953434788019925/' into text field 'xpath=//*[@id="idn-editor"]/div/div/div[2]/div[3]/div[7]/div/div/input'.</msg>
<status status="PASS" starttime="20201112 15:50:28.881" endtime="20201112 15:50:29.862"></status>
</kw>
<kw name="Capture Page Screenshot" library="SeleniumLibrary">
<doc>Takes a screenshot of the current page and embeds it into a log file.</doc>
<arguments>
<arg>/Users/iaris/Documents/idn_media/screenshot/IsiEmbedFB.png</arg>
</arguments>
<msg timestamp="20201112 15:50:30.256" level="INFO" html="yes">&lt;/td&gt;&lt;/tr&gt;&lt;tr&gt;&lt;td colspan="3"&gt;&lt;a href="../screenshot/IsiEmbedFB.png"&gt;&lt;img src="../screenshot/IsiEmbedFB.png" width="800px"&gt;&lt;/a&gt;</msg>
<status status="PASS" starttime="20201112 15:50:29.863" endtime="20201112 15:50:30.256"></status>
</kw>
<kw name="Sleep" library="BuiltIn">
<doc>Pauses the test executed for the given time.</doc>
<arguments>
<arg>5s</arg>
</arguments>
<msg timestamp="20201112 15:50:35.263" level="INFO">Slept 5 seconds</msg>
<status status="PASS" starttime="20201112 15:50:30.260" endtime="20201112 15:50:35.263"></status>
</kw>
<kw name="Click Button" library="SeleniumLibrary">
<doc>Clicks the button identified by ``locator``.</doc>
<arguments>
<arg>xpath=//button[@class="app__add-content___1JCUP"]</arg>
</arguments>
<msg timestamp="20201112 15:50:35.265" level="INFO">Clicking button 'xpath=//button[@class="app__add-content___1JCUP"]'.</msg>
<status status="PASS" starttime="20201112 15:50:35.264" endtime="20201112 15:50:35.558"></status>
</kw>
<kw name="Select Frame" library="SeleniumLibrary">
<doc>Sets frame identified by ``locator`` as the current frame.</doc>
<arguments>
<arg>xpath=//div[@id="mceu_35"]/iframe</arg>
</arguments>
<msg timestamp="20201112 15:50:35.560" level="INFO">Selecting frame 'xpath=//div[@id="mceu_35"]/iframe'.</msg>
<status status="PASS" starttime="20201112 15:50:35.560" endtime="20201112 15:50:35.666"></status>
</kw>
<kw name="Input Text" library="SeleniumLibrary">
<doc>Types the given ``text`` into the text field identified by ``locator``.</doc>
<arguments>
<arg>xpath=//*[@id="tinymce"]/p</arg>
<arg>ini section 1</arg>
</arguments>
<msg timestamp="20201112 15:50:35.668" level="INFO">Typing text 'ini section 1' into text field 'xpath=//*[@id="tinymce"]/p'.</msg>
<kw name="Capture Page Screenshot" library="SeleniumLibrary">
<doc>Takes a screenshot of the current page and embeds it into a log file.</doc>
<msg timestamp="20201112 15:50:36.127" level="INFO" html="yes">&lt;/td&gt;&lt;/tr&gt;&lt;tr&gt;&lt;td colspan="3"&gt;&lt;a href="selenium-screenshot-11.png"&gt;&lt;img src="selenium-screenshot-11.png" width="800px"&gt;&lt;/a&gt;</msg>
<status status="PASS" starttime="20201112 15:50:35.752" endtime="20201112 15:50:36.128"></status>
</kw>
<msg timestamp="20201112 15:50:36.137" level="FAIL">StaleElementReferenceException: Message: stale element reference: element is not attached to the page document
  (Session info: chrome=86.0.4240.183)
</msg>
<status status="FAIL" starttime="20201112 15:50:35.667" endtime="20201112 15:50:36.137"></status>
</kw>
<status status="FAIL" starttime="20201112 15:48:45.156" endtime="20201112 15:50:36.138" critical="yes">StaleElementReferenceException: Message: stale element reference: element is not attached to the page document
  (Session info: chrome=86.0.4240.183)
</status>
</test>
<status status="FAIL" starttime="20201112 15:48:44.602" endtime="20201112 15:50:36.141"></status>
</suite>
<statistics>
<total>
<stat pass="0" fail="1">Critical Tests</stat>
<stat pass="0" fail="1">All Tests</stat>
</total>
<tag>
</tag>
<suite>
<stat pass="0" fail="1" id="s1" name="Create">Create</stat>
</suite>
</statistics>
<errors>
</errors>
</robot>
