<?xml version="1.0" encoding="UTF-8"?>
<robot generator="Robot 3.2.2 (Python 3.9.0 on win32)" generated="20201109 10:33:20.775" rpa="false">
<suite id="s1" name="Create" source="C:\Users\iaris\Documents\idn_media\idntimes\create.robot">
<test id="s1-t1" name="Case 1 login Email success with username and password correct">
<kw name="Open Browser" library="SeleniumLibrary">
<doc>Opens a new browser instance to the optional ``url``.</doc>
<arguments>
<arg>${url}</arg>
<arg>${browser}</arg>
</arguments>
<msg timestamp="20201109 10:33:21.564" level="INFO">Opening browser 'chrome' to base url 'https://community.idntimes.com/'.</msg>
<status status="PASS" starttime="20201109 10:33:21.564" endtime="20201109 10:33:28.417"></status>
</kw>
<kw name="Maximize Browser Window" library="SeleniumLibrary">
<doc>Maximizes current browser window.</doc>
<status status="PASS" starttime="20201109 10:33:28.418" endtime="20201109 10:33:30.607"></status>
</kw>
<kw name="Input Text" library="SeleniumLibrary">
<doc>Types the given ``text`` into the text field identified by ``locator``.</doc>
<arguments>
<arg>name:email</arg>
<arg>${email}</arg>
</arguments>
<msg timestamp="20201109 10:33:30.609" level="INFO">Typing text 'alam.baka.99@yahoo.com' into text field 'name:email'.</msg>
<status status="PASS" starttime="20201109 10:33:30.608" endtime="20201109 10:33:30.884"></status>
</kw>
<kw name="Input Text" library="SeleniumLibrary">
<doc>Types the given ``text`` into the text field identified by ``locator``.</doc>
<arguments>
<arg>name:password</arg>
<arg>${password}</arg>
</arguments>
<msg timestamp="20201109 10:33:30.887" level="INFO">Typing text 'okeokeoke' into text field 'name:password'.</msg>
<status status="PASS" starttime="20201109 10:33:30.887" endtime="20201109 10:33:31.237"></status>
</kw>
<kw name="Capture Page Screenshot" library="SeleniumLibrary">
<doc>Takes a screenshot of the current page and embeds it into a log file.</doc>
<arguments>
<arg>iaris/Documents/idn_media/screenshot/Login.png</arg>
</arguments>
<msg timestamp="20201109 10:33:31.935" level="INFO" html="yes">&lt;/td&gt;&lt;/tr&gt;&lt;tr&gt;&lt;td colspan="3"&gt;&lt;a href="iaris/Documents/idn_media/screenshot/Login.png"&gt;&lt;img src="iaris/Documents/idn_media/screenshot/Login.png" width="800px"&gt;&lt;/a&gt;</msg>
<status status="PASS" starttime="20201109 10:33:31.239" endtime="20201109 10:33:31.935"></status>
</kw>
<kw name="Click Button" library="SeleniumLibrary">
<doc>Clicks the button identified by ``locator``.</doc>
<arguments>
<arg>Sign In</arg>
</arguments>
<msg timestamp="20201109 10:33:31.949" level="INFO">Clicking button 'Sign In'.</msg>
<status status="PASS" starttime="20201109 10:33:31.949" endtime="20201109 10:33:32.140"></status>
</kw>
<kw name="Sleep" library="BuiltIn">
<doc>Pauses the test executed for the given time.</doc>
<arguments>
<arg>5s</arg>
</arguments>
<msg timestamp="20201109 10:33:37.151" level="INFO">Slept 5 seconds</msg>
<status status="PASS" starttime="20201109 10:33:32.150" endtime="20201109 10:33:37.151"></status>
</kw>
<kw name="Capture Page Screenshot" library="SeleniumLibrary">
<doc>Takes a screenshot of the current page and embeds it into a log file.</doc>
<arguments>
<arg>/Users/iaris/Documents/idn_media/screenshot/LoginEmailSuccess.png</arg>
</arguments>
<msg timestamp="20201109 10:33:44.371" level="INFO" html="yes">&lt;/td&gt;&lt;/tr&gt;&lt;tr&gt;&lt;td colspan="3"&gt;&lt;a href="../screenshot/LoginEmailSuccess.png"&gt;&lt;img src="../screenshot/LoginEmailSuccess.png" width="800px"&gt;&lt;/a&gt;</msg>
<status status="PASS" starttime="20201109 10:33:37.152" endtime="20201109 10:33:44.372"></status>
</kw>
<kw name="Close Browser" library="SeleniumLibrary">
<doc>Closes the current browser.</doc>
<status status="PASS" starttime="20201109 10:33:44.373" endtime="20201109 10:33:48.154"></status>
</kw>
<status status="PASS" starttime="20201109 10:33:21.562" endtime="20201109 10:33:48.156" critical="yes"></status>
</test>
<status status="PASS" starttime="20201109 10:33:20.778" endtime="20201109 10:33:48.163"></status>
</suite>
<statistics>
<total>
<stat pass="1" fail="0">Critical Tests</stat>
<stat pass="1" fail="0">All Tests</stat>
</total>
<tag>
</tag>
<suite>
<stat pass="1" fail="0" id="s1" name="Create">Create</stat>
</suite>
</statistics>
<errors>
</errors>
</robot>
