<?xml version="1.0" encoding="UTF-8"?>
<robot generator="Robot 3.2.2 (Python 3.9.0 on win32)" generated="20201125 16:38:06.236" rpa="false">
<suite id="s1" name="Regression" source="C:\Users\iaris\Documents\RobotFramework\idntimes\regression\regression.robot">
<test id="s1-t1" name="Case 42 signup fail with email is registered">
<kw name="Open Browser" library="SeleniumLibrary">
<doc>Opens a new browser instance to the optional ``url``.</doc>
<arguments>
<arg>${url}</arg>
<arg>${browser}</arg>
</arguments>
<msg timestamp="20201125 16:38:06.502" level="INFO">Opening browser 'chrome' to base url 'https://community.idntimes.com/'.</msg>
<status status="PASS" starttime="20201125 16:38:06.502" endtime="20201125 16:38:13.762"></status>
</kw>
<kw name="Maximize Browser Window" library="SeleniumLibrary">
<doc>Maximizes current browser window.</doc>
<status status="PASS" starttime="20201125 16:38:13.763" endtime="20201125 16:38:15.914"></status>
</kw>
<kw name="Sleep" library="BuiltIn">
<doc>Pauses the test executed for the given time.</doc>
<arguments>
<arg>10s</arg>
</arguments>
<msg timestamp="20201125 16:38:25.916" level="INFO">Slept 10 seconds</msg>
<status status="PASS" starttime="20201125 16:38:15.915" endtime="20201125 16:38:25.916"></status>
</kw>
<kw name="Click Element" library="SeleniumLibrary">
<doc>Click the element identified by ``locator``.</doc>
<arguments>
<arg>xpath=//a[@href="#signup"]</arg>
</arguments>
<msg timestamp="20201125 16:38:25.919" level="INFO">Clicking element 'xpath=//a[@href="#signup"]'.</msg>
<status status="PASS" starttime="20201125 16:38:25.918" endtime="20201125 16:38:26.011"></status>
</kw>
<kw name="Input Text" library="SeleniumLibrary">
<doc>Types the given ``text`` into the text field identified by ``locator``.</doc>
<arguments>
<arg>name:nama</arg>
<arg>Irfan</arg>
</arguments>
<msg timestamp="20201125 16:38:26.012" level="INFO">Typing text 'Irfan' into text field 'name:nama'.</msg>
<status status="PASS" starttime="20201125 16:38:26.012" endtime="20201125 16:38:26.085"></status>
</kw>
<kw name="Sleep" library="BuiltIn">
<doc>Pauses the test executed for the given time.</doc>
<arguments>
<arg>10s</arg>
</arguments>
<msg timestamp="20201125 16:38:36.088" level="INFO">Slept 10 seconds</msg>
<status status="PASS" starttime="20201125 16:38:26.085" endtime="20201125 16:38:36.088"></status>
</kw>
<kw name="Input Text" library="SeleniumLibrary">
<doc>Types the given ``text`` into the text field identified by ``locator``.</doc>
<arguments>
<arg>xpath=(//input[@name='email'])[2]</arg>
<arg>${email_registrasi}</arg>
</arguments>
<msg timestamp="20201125 16:38:36.091" level="INFO">Typing text 'iarisaldy@gmail.com' into text field 'xpath=(//input[@name='email'])[2]'.</msg>
<status status="PASS" starttime="20201125 16:38:36.090" endtime="20201125 16:38:36.173"></status>
</kw>
<kw name="Input Text" library="SeleniumLibrary">
<doc>Types the given ``text`` into the text field identified by ``locator``.</doc>
<arguments>
<arg>xpath=(//input[@name='password'])[2]</arg>
<arg>${password_registrasi}</arg>
</arguments>
<msg timestamp="20201125 16:38:36.174" level="INFO">Typing text 'okeokeoke' into text field 'xpath=(//input[@name='password'])[2]'.</msg>
<status status="PASS" starttime="20201125 16:38:36.173" endtime="20201125 16:38:36.246"></status>
</kw>
<kw name="Input Text" library="SeleniumLibrary">
<doc>Types the given ``text`` into the text field identified by ``locator``.</doc>
<arguments>
<arg>name:passwordConf</arg>
<arg>${password_registrasi}</arg>
</arguments>
<msg timestamp="20201125 16:38:36.247" level="INFO">Typing text 'okeokeoke' into text field 'name:passwordConf'.</msg>
<status status="PASS" starttime="20201125 16:38:36.246" endtime="20201125 16:38:36.318"></status>
</kw>
<kw name="Sleep" library="BuiltIn">
<doc>Pauses the test executed for the given time.</doc>
<arguments>
<arg>10s</arg>
</arguments>
<msg timestamp="20201125 16:38:46.321" level="INFO">Slept 10 seconds</msg>
<status status="PASS" starttime="20201125 16:38:36.319" endtime="20201125 16:38:46.321"></status>
</kw>
<kw name="Click Button" library="SeleniumLibrary">
<doc>Clicks the button identified by ``locator``.</doc>
<arguments>
<arg>Sign Up</arg>
</arguments>
<msg timestamp="20201125 16:38:46.324" level="INFO">Clicking button 'Sign Up'.</msg>
<status status="PASS" starttime="20201125 16:38:46.323" endtime="20201125 16:39:10.253"></status>
</kw>
<kw name="Sleep" library="BuiltIn">
<doc>Pauses the test executed for the given time.</doc>
<arguments>
<arg>10s</arg>
</arguments>
<msg timestamp="20201125 16:39:20.256" level="INFO">Slept 10 seconds</msg>
<status status="PASS" starttime="20201125 16:39:10.254" endtime="20201125 16:39:20.256"></status>
</kw>
<kw name="Capture Page Screenshot" library="SeleniumLibrary">
<doc>Takes a screenshot of the current page and embeds it into a log file.</doc>
<arguments>
<arg>/Users/iaris/Documents/RobotFramework/idntimes/signup/screenshot/SignupError2.png</arg>
</arguments>
<msg timestamp="20201125 16:39:41.325" level="INFO" html="yes">&lt;/td&gt;&lt;/tr&gt;&lt;tr&gt;&lt;td colspan="3"&gt;&lt;a href="../signup/screenshot/SignupError2.png"&gt;&lt;img src="../signup/screenshot/SignupError2.png" width="800px"&gt;&lt;/a&gt;</msg>
<status status="PASS" starttime="20201125 16:39:20.256" endtime="20201125 16:39:41.325"></status>
</kw>
<kw name="Close Browser" library="SeleniumLibrary">
<doc>Closes the current browser.</doc>
<status status="PASS" starttime="20201125 16:39:41.326" endtime="20201125 16:39:43.398"></status>
</kw>
<status status="PASS" starttime="20201125 16:38:06.501" endtime="20201125 16:39:43.400" critical="yes"></status>
</test>
<status status="PASS" starttime="20201125 16:38:06.238" endtime="20201125 16:39:43.409"></status>
</suite>
<statistics>
<total>
<stat pass="1" fail="0">Critical Tests</stat>
<stat pass="1" fail="0">All Tests</stat>
</total>
<tag>
</tag>
<suite>
<stat pass="1" fail="0" id="s1" name="Regression">Regression</stat>
</suite>
</statistics>
<errors>
</errors>
</robot>
